Arguments: 
  /nix/store/y9f0pcpgxf5v3vf019yjrppwb91826y0-nodejs-14.16.0/bin/node /Users/nec/.nix-profile/bin/yarn

PATH: 
  /Users/nec/miniconda3/bin:/Users/nec/miniconda3/condabin:/Users/nec/.zplug/bin:/Users/nec/.npm-global/bin:/Users/nec/Library/Python/3.8/bin:/Users/nec/.nix-profile/bin:/run/current-system/sw/bin:/nix/var/nix/profiles/default/bin:/usr/local/bin:/usr/bin:/usr/sbin:/bin:/sbin

Yarn version: 
  1.22.10

Node version: 
  14.16.0

Platform: 
  darwin x64

Trace: 
  SyntaxError: /Users/nec/dev/personal/overland-lambda/viz-everyday/package.json: Unexpected token } in JSON at position 199
      at JSON.parse (<anonymous>)
      at /nix/store/kimpqx052crm4ri94a129sfnqnd0ld6p-yarn-1.22.10/libexec/yarn/lib/cli.js:1625:59
      at Generator.next (<anonymous>)
      at step (/nix/store/kimpqx052crm4ri94a129sfnqnd0ld6p-yarn-1.22.10/libexec/yarn/lib/cli.js:310:30)
      at /nix/store/kimpqx052crm4ri94a129sfnqnd0ld6p-yarn-1.22.10/libexec/yarn/lib/cli.js:321:13

npm manifest: 
  {
    "version": "0.0.0",
    "scripts": {
      "dev": "vite",
      "build": "tsc && vite build",
      "serve": "vite preview"
    },
    "dependencies": {
      "react": "^17.0.0",
      "react-dom": "^17.0.0",
    },
    "devDependencies": {
      "@types/react": "^17.0.11",
      "@types/react-dom": "^17.0.7",
      "@vitejs/plugin-react-refresh": "^1.3.1",
      "autoprefixer": "^10.2.6",
      "postcss": "^8.3.1",
      "tailwindcss": "^2.1.4",
      "typescript": "^4.1.2",
      "vite": "^2.3.7"
    }
  }

yarn manifest: 
  No manifest

Lockfile: 
  # THIS IS AN AUTOGENERATED FILE. DO NOT EDIT THIS FILE DIRECTLY.
  # yarn lockfile v1
